<?xml version="1.0" encoding="UTF-8"?>
<!-- Generated by org.testng.reporters.JUnitReportReporter -->
<testsuite hostname="DESKTOP-AT1H70D" failures="0" tests="1" name="LoginTest.loginSelectLargestPriceWithJavaScript" time="7.301" errors="0" timestamp="2022-02-10T17:20:04 IST" skipped="0">
  <testcase classname="LoginTest.loginSelectLargestPriceWithJavaScript" name="userlogin" time="7.301"/>
  <system-out/>
</testsuite> <!-- LoginTest.loginSelectLargestPriceWithJavaScript -->
