<?xml version="1.0" encoding="UTF-8"?>
<!-- Generated by org.testng.reporters.JUnitReportReporter -->
<testsuite hostname="DESKTOP-AT1H70D" failures="0" tests="1" name="LoginTest.loginandSelectLargestprice" time="7.810" errors="0" timestamp="2022-02-10T12:57:36 IST" skipped="0">
  <testcase classname="LoginTest.loginandSelectLargestprice" name="userlogin" time="7.810"/>
  <system-out/>
</testsuite> <!-- LoginTest.loginandSelectLargestprice -->
