<?xml version="1.0" encoding="UTF-8"?>
<!-- Generated by org.testng.reporters.JUnitReportReporter -->
<testsuite hostname="DESKTOP-AT1H70D" failures="0" tests="1" name="LoginTest.login" time="10.878" errors="0" timestamp="2022-02-10T09:58:47 IST" skipped="0">
  <testcase classname="LoginTest.login" name="userlogin" time="10.878"/>
  <system-out/>
</testsuite> <!-- LoginTest.login -->
